-1 CosimNetDeviceNicIf:CosimNetDeviceNicIf()
-1 CosimNetDeviceNicIf:SetNode(0x5601b7f85ac0)
-1 CosimNetDeviceNicIf:SetIfIndex(0)
-1 CosimNetDeviceNicIf:SetReceiveCallback()
-1 CosimNetDeviceNicIf:SetNode(0x5601b7f85ac0)
-1 CosimNetDeviceNicIf:GetIfIndex()
-1 PacketSocketClient:PacketSocketClient(0x5601b7f8b2e0)
-1 PacketSocketClient:SetRemote(0x5601b7f8b2e0, 03-0f-01:00:00:00:00:00:01:02:06:01:02:03:04:05:06)
-1 /local/antoinek/simbricks/experiments/out/accuracy/uxsoc-shm
0 PacketSocketClient:StartApplication(0x5601b7f8b2e0)
0 PacketSocketClient:Send(0x5601b7f8b2e0)
0 CosimNetDeviceNicIf:GetMtu()
0 CosimNetDeviceNicIf:Send(0x5601b7f67020, 02-06-01:02:03:04:05:06, 1)
0 CosimNetDeviceNicIf:SendFrom(0x5601b7f67020, 02-06-00:00:00:00:00:00, 02-06-01:02:03:04:05:06, 1)
0 CosimNetDeviceNicIf:GetMtu()
0 TraceDelay TX 1024 bytes to 03-0f-01:00:00:00:00:00:01:02:06:01:02:03:04:05:06 Uid: 0 Time: 0
0 PacketSocketClient:Send(0x5601b7f8b2e0)
0 CosimNetDeviceNicIf:GetMtu()
0 CosimNetDeviceNicIf:Send(0x5601b7f67020, 02-06-01:02:03:04:05:06, 1)
0 CosimNetDeviceNicIf:SendFrom(0x5601b7f67020, 02-06-00:00:00:00:00:00, 02-06-01:02:03:04:05:06, 1)
0 CosimNetDeviceNicIf:GetMtu()
0 TraceDelay TX 1024 bytes to 03-0f-01:00:00:00:00:00:01:02:06:01:02:03:04:05:06 Uid: 1 Time: 1000000
0 PacketSocketClient:Send(0x5601b7f8b2e0)
0 CosimNetDeviceNicIf:GetMtu()
0 CosimNetDeviceNicIf:Send(0x5601b7f67020, 02-06-01:02:03:04:05:06, 1)
0 CosimNetDeviceNicIf:SendFrom(0x5601b7f67020, 02-06-00:00:00:00:00:00, 02-06-01:02:03:04:05:06, 1)
0 CosimNetDeviceNicIf:GetMtu()
0 TraceDelay TX 1024 bytes to 03-0f-01:00:00:00:00:00:01:02:06:01:02:03:04:05:06 Uid: 2 Time: 2000000
0 PacketSocketClient:Send(0x5601b7f8b2e0)
0 CosimNetDeviceNicIf:GetMtu()
0 CosimNetDeviceNicIf:Send(0x5601b7f67020, 02-06-01:02:03:04:05:06, 1)
0 CosimNetDeviceNicIf:SendFrom(0x5601b7f67020, 02-06-00:00:00:00:00:00, 02-06-01:02:03:04:05:06, 1)
0 CosimNetDeviceNicIf:GetMtu()
0 TraceDelay TX 1024 bytes to 03-0f-01:00:00:00:00:00:01:02:06:01:02:03:04:05:06 Uid: 3 Time: 3000000
0 PacketSocketClient:Send(0x5601b7f8b2e0)
0 CosimNetDeviceNicIf:GetMtu()
0 CosimNetDeviceNicIf:Send(0x5601b7f67020, 02-06-01:02:03:04:05:06, 1)
0 CosimNetDeviceNicIf:SendFrom(0x5601b7f67020, 02-06-00:00:00:00:00:00, 02-06-01:02:03:04:05:06, 1)
0 CosimNetDeviceNicIf:GetMtu()
0 TraceDelay TX 1024 bytes to 03-0f-01:00:00:00:00:00:01:02:06:01:02:03:04:05:06 Uid: 4 Time: 4000000
0 PacketSocketClient:Send(0x5601b7f8b2e0)
0 CosimNetDeviceNicIf:GetMtu()
0 CosimNetDeviceNicIf:Send(0x5601b7f67020, 02-06-01:02:03:04:05:06, 1)
0 CosimNetDeviceNicIf:SendFrom(0x5601b7f67020, 02-06-00:00:00:00:00:00, 02-06-01:02:03:04:05:06, 1)
0 CosimNetDeviceNicIf:GetMtu()
0 TraceDelay TX 1024 bytes to 03-0f-01:00:00:00:00:00:01:02:06:01:02:03:04:05:06 Uid: 5 Time: 5000000
0 PacketSocketClient:Send(0x5601b7f8b2e0)
0 CosimNetDeviceNicIf:GetMtu()
0 CosimNetDeviceNicIf:Send(0x5601b7f67020, 02-06-01:02:03:04:05:06, 1)
0 CosimNetDeviceNicIf:SendFrom(0x5601b7f67020, 02-06-00:00:00:00:00:00, 02-06-01:02:03:04:05:06, 1)
0 CosimNetDeviceNicIf:GetMtu()
0 TraceDelay TX 1024 bytes to 03-0f-01:00:00:00:00:00:01:02:06:01:02:03:04:05:06 Uid: 6 Time: 6000000
0 PacketSocketClient:Send(0x5601b7f8b2e0)
0 CosimNetDeviceNicIf:GetMtu()
0 CosimNetDeviceNicIf:Send(0x5601b7f67020, 02-06-01:02:03:04:05:06, 1)
0 CosimNetDeviceNicIf:SendFrom(0x5601b7f67020, 02-06-00:00:00:00:00:00, 02-06-01:02:03:04:05:06, 1)
0 CosimNetDeviceNicIf:GetMtu()
0 TraceDelay TX 1024 bytes to 03-0f-01:00:00:00:00:00:01:02:06:01:02:03:04:05:06 Uid: 7 Time: 7000000
0 PacketSocketClient:Send(0x5601b7f8b2e0)
0 CosimNetDeviceNicIf:GetMtu()
0 CosimNetDeviceNicIf:Send(0x5601b7f67020, 02-06-01:02:03:04:05:06, 1)
0 CosimNetDeviceNicIf:SendFrom(0x5601b7f67020, 02-06-00:00:00:00:00:00, 02-06-01:02:03:04:05:06, 1)
0 CosimNetDeviceNicIf:GetMtu()
0 TraceDelay TX 1024 bytes to 03-0f-01:00:00:00:00:00:01:02:06:01:02:03:04:05:06 Uid: 8 Time: 8000000
0 PacketSocketClient:Send(0x5601b7f8b2e0)
0 CosimNetDeviceNicIf:GetMtu()
0 CosimNetDeviceNicIf:Send(0x5601b7f67020, 02-06-01:02:03:04:05:06, 1)
0 CosimNetDeviceNicIf:SendFrom(0x5601b7f67020, 02-06-00:00:00:00:00:00, 02-06-01:02:03:04:05:06, 1)
0 CosimNetDeviceNicIf:GetMtu()
0 TraceDelay TX 1024 bytes to 03-0f-01:00:00:00:00:00:01:02:06:01:02:03:04:05:06 Uid: 9 Time: 9000000
0 PacketSocketClient:Send(0x5601b7f8b2e0)
0 CosimNetDeviceNicIf:GetMtu()
0 CosimNetDeviceNicIf:Send(0x5601b7f67020, 02-06-01:02:03:04:05:06, 1)
0 CosimNetDeviceNicIf:SendFrom(0x5601b7f67020, 02-06-00:00:00:00:00:00, 02-06-01:02:03:04:05:06, 1)
0 CosimNetDeviceNicIf:GetMtu()
0 TraceDelay TX 1024 bytes to 03-0f-01:00:00:00:00:00:01:02:06:01:02:03:04:05:06 Uid: 10 Time: 10000000
0 PacketSocketClient:Send(0x5601b7f8b2e0)
0 CosimNetDeviceNicIf:GetMtu()
0 CosimNetDeviceNicIf:Send(0x5601b7f67020, 02-06-01:02:03:04:05:06, 1)
0 CosimNetDeviceNicIf:SendFrom(0x5601b7f67020, 02-06-00:00:00:00:00:00, 02-06-01:02:03:04:05:06, 1)
0 CosimNetDeviceNicIf:GetMtu()
0 TraceDelay TX 1024 bytes to 03-0f-01:00:00:00:00:00:01:02:06:01:02:03:04:05:06 Uid: 11 Time: 11000000
0 PacketSocketClient:Send(0x5601b7f8b2e0)
0 CosimNetDeviceNicIf:GetMtu()
0 CosimNetDeviceNicIf:Send(0x5601b7f67020, 02-06-01:02:03:04:05:06, 1)
0 CosimNetDeviceNicIf:SendFrom(0x5601b7f67020, 02-06-00:00:00:00:00:00, 02-06-01:02:03:04:05:06, 1)
0 CosimNetDeviceNicIf:GetMtu()
0 TraceDelay TX 1024 bytes to 03-0f-01:00:00:00:00:00:01:02:06:01:02:03:04:05:06 Uid: 12 Time: 12000000
0 PacketSocketClient:Send(0x5601b7f8b2e0)
0 CosimNetDeviceNicIf:GetMtu()
0 CosimNetDeviceNicIf:Send(0x5601b7f67020, 02-06-01:02:03:04:05:06, 1)
0 CosimNetDeviceNicIf:SendFrom(0x5601b7f67020, 02-06-00:00:00:00:00:00, 02-06-01:02:03:04:05:06, 1)
0 CosimNetDeviceNicIf:GetMtu()
0 TraceDelay TX 1024 bytes to 03-0f-01:00:00:00:00:00:01:02:06:01:02:03:04:05:06 Uid: 13 Time: 13000000
0 PacketSocketClient:Send(0x5601b7f8b2e0)
0 CosimNetDeviceNicIf:GetMtu()
0 CosimNetDeviceNicIf:Send(0x5601b7f67020, 02-06-01:02:03:04:05:06, 1)
0 CosimNetDeviceNicIf:SendFrom(0x5601b7f67020, 02-06-00:00:00:00:00:00, 02-06-01:02:03:04:05:06, 1)
0 CosimNetDeviceNicIf:GetMtu()
0 TraceDelay TX 1024 bytes to 03-0f-01:00:00:00:00:00:01:02:06:01:02:03:04:05:06 Uid: 14 Time: 14000000
0 PacketSocketClient:Send(0x5601b7f8b2e0)
0 CosimNetDeviceNicIf:GetMtu()
0 CosimNetDeviceNicIf:Send(0x5601b7f67020, 02-06-01:02:03:04:05:06, 1)
0 CosimNetDeviceNicIf:SendFrom(0x5601b7f67020, 02-06-00:00:00:00:00:00, 02-06-01:02:03:04:05:06, 1)
0 CosimNetDeviceNicIf:GetMtu()
0 TraceDelay TX 1024 bytes to 03-0f-01:00:00:00:00:00:01:02:06:01:02:03:04:05:06 Uid: 15 Time: 15000000
0 PacketSocketClient:Send(0x5601b7f8b2e0)
0 CosimNetDeviceNicIf:GetMtu()
0 CosimNetDeviceNicIf:Send(0x5601b7f67020, 02-06-01:02:03:04:05:06, 1)
0 CosimNetDeviceNicIf:SendFrom(0x5601b7f67020, 02-06-00:00:00:00:00:00, 02-06-01:02:03:04:05:06, 1)
0 CosimNetDeviceNicIf:GetMtu()
0 TraceDelay TX 1024 bytes to 03-0f-01:00:00:00:00:00:01:02:06:01:02:03:04:05:06 Uid: 16 Time: 16000000
0 PacketSocketClient:Send(0x5601b7f8b2e0)
0 CosimNetDeviceNicIf:GetMtu()
0 CosimNetDeviceNicIf:Send(0x5601b7f67020, 02-06-01:02:03:04:05:06, 1)
0 CosimNetDeviceNicIf:SendFrom(0x5601b7f67020, 02-06-00:00:00:00:00:00, 02-06-01:02:03:04:05:06, 1)
0 CosimNetDeviceNicIf:GetMtu()
0 TraceDelay TX 1024 bytes to 03-0f-01:00:00:00:00:00:01:02:06:01:02:03:04:05:06 Uid: 17 Time: 17000000
0 PacketSocketClient:Send(0x5601b7f8b2e0)
0 CosimNetDeviceNicIf:GetMtu()
0 CosimNetDeviceNicIf:Send(0x5601b7f67020, 02-06-01:02:03:04:05:06, 1)
0 CosimNetDeviceNicIf:SendFrom(0x5601b7f67020, 02-06-00:00:00:00:00:00, 02-06-01:02:03:04:05:06, 1)
0 CosimNetDeviceNicIf:GetMtu()
0 TraceDelay TX 1024 bytes to 03-0f-01:00:00:00:00:00:01:02:06:01:02:03:04:05:06 Uid: 18 Time: 18000000
0 PacketSocketClient:Send(0x5601b7f8b2e0)
0 CosimNetDeviceNicIf:GetMtu()
0 CosimNetDeviceNicIf:Send(0x5601b7f67020, 02-06-01:02:03:04:05:06, 1)
0 CosimNetDeviceNicIf:SendFrom(0x5601b7f67020, 02-06-00:00:00:00:00:00, 02-06-01:02:03:04:05:06, 1)
0 CosimNetDeviceNicIf:GetMtu()
0 TraceDelay TX 1024 bytes to 03-0f-01:00:00:00:00:00:01:02:06:01:02:03:04:05:06 Uid: 19 Time: 19000000
