PacketSocketClient:PacketSocketClient(0x55cc9f941060)
PacketSocketClient:SetRemote(0x55cc9f941060, 03-0f-01:00:00:00:00:00:01:02:06:00:00:00:00:00:00)
PacketSocketServer:PacketSocketServer(0x55cc9f941170)
PacketSocketServer:SetLocal(0x55cc9f941170, 03-0f-01:00:00:00:00:00:01:02:06:00:00:00:00:00:00)
PacketSocketClient:StartApplication(0x55cc9f941060)
PacketSocketServer:StartApplication(0x55cc9f941170)
PacketSocketClient:Send(0x55cc9f941060)
TraceDelay TX 1024 bytes to 03-0f-01:00:00:00:00:00:01:02:06:00:00:00:00:00:00 Uid: 0 Time: 0
PacketSocketServer:HandleRead(0x55cc9f941170, 0x55cc9f941440)
At time 500000s packet sink received 1024 bytes from 03-0f-01:00:00:00:00:00:01:02:06:00:00:00:00:00:00 total Rx 1 packets and 1024 bytes
PacketSocketClient:Send(0x55cc9f941060)
TraceDelay TX 1024 bytes to 03-0f-01:00:00:00:00:00:01:02:06:00:00:00:00:00:00 Uid: 1 Time: 1000000
PacketSocketServer:HandleRead(0x55cc9f941170, 0x55cc9f941440)
At time 1500000s packet sink received 1024 bytes from 03-0f-01:00:00:00:00:00:01:02:06:00:00:00:00:00:00 total Rx 2 packets and 2048 bytes
PacketSocketClient:Send(0x55cc9f941060)
TraceDelay TX 1024 bytes to 03-0f-01:00:00:00:00:00:01:02:06:00:00:00:00:00:00 Uid: 2 Time: 2000000
PacketSocketServer:HandleRead(0x55cc9f941170, 0x55cc9f941440)
At time 2500000s packet sink received 1024 bytes from 03-0f-01:00:00:00:00:00:01:02:06:00:00:00:00:00:00 total Rx 3 packets and 3072 bytes
PacketSocketClient:Send(0x55cc9f941060)
TraceDelay TX 1024 bytes to 03-0f-01:00:00:00:00:00:01:02:06:00:00:00:00:00:00 Uid: 3 Time: 3000000
PacketSocketServer:HandleRead(0x55cc9f941170, 0x55cc9f941440)
At time 3500000s packet sink received 1024 bytes from 03-0f-01:00:00:00:00:00:01:02:06:00:00:00:00:00:00 total Rx 4 packets and 4096 bytes
PacketSocketClient:Send(0x55cc9f941060)
TraceDelay TX 1024 bytes to 03-0f-01:00:00:00:00:00:01:02:06:00:00:00:00:00:00 Uid: 4 Time: 4000000
PacketSocketServer:HandleRead(0x55cc9f941170, 0x55cc9f941440)
At time 4500000s packet sink received 1024 bytes from 03-0f-01:00:00:00:00:00:01:02:06:00:00:00:00:00:00 total Rx 5 packets and 5120 bytes
PacketSocketClient:Send(0x55cc9f941060)
TraceDelay TX 1024 bytes to 03-0f-01:00:00:00:00:00:01:02:06:00:00:00:00:00:00 Uid: 5 Time: 5000000
PacketSocketServer:HandleRead(0x55cc9f941170, 0x55cc9f941440)
At time 5500000s packet sink received 1024 bytes from 03-0f-01:00:00:00:00:00:01:02:06:00:00:00:00:00:00 total Rx 6 packets and 6144 bytes
PacketSocketClient:Send(0x55cc9f941060)
TraceDelay TX 1024 bytes to 03-0f-01:00:00:00:00:00:01:02:06:00:00:00:00:00:00 Uid: 6 Time: 6000000
PacketSocketServer:HandleRead(0x55cc9f941170, 0x55cc9f941440)
At time 6500000s packet sink received 1024 bytes from 03-0f-01:00:00:00:00:00:01:02:06:00:00:00:00:00:00 total Rx 7 packets and 7168 bytes
PacketSocketClient:Send(0x55cc9f941060)
TraceDelay TX 1024 bytes to 03-0f-01:00:00:00:00:00:01:02:06:00:00:00:00:00:00 Uid: 7 Time: 7000000
PacketSocketServer:HandleRead(0x55cc9f941170, 0x55cc9f941440)
At time 7500000s packet sink received 1024 bytes from 03-0f-01:00:00:00:00:00:01:02:06:00:00:00:00:00:00 total Rx 8 packets and 8192 bytes
PacketSocketClient:Send(0x55cc9f941060)
TraceDelay TX 1024 bytes to 03-0f-01:00:00:00:00:00:01:02:06:00:00:00:00:00:00 Uid: 8 Time: 8000000
PacketSocketServer:HandleRead(0x55cc9f941170, 0x55cc9f941440)
At time 8500000s packet sink received 1024 bytes from 03-0f-01:00:00:00:00:00:01:02:06:00:00:00:00:00:00 total Rx 9 packets and 9216 bytes
PacketSocketClient:Send(0x55cc9f941060)
TraceDelay TX 1024 bytes to 03-0f-01:00:00:00:00:00:01:02:06:00:00:00:00:00:00 Uid: 9 Time: 9000000
PacketSocketServer:HandleRead(0x55cc9f941170, 0x55cc9f941440)
At time 9500000s packet sink received 1024 bytes from 03-0f-01:00:00:00:00:00:01:02:06:00:00:00:00:00:00 total Rx 10 packets and 10240 bytes
PacketSocketClient:Send(0x55cc9f941060)
TraceDelay TX 1024 bytes to 03-0f-01:00:00:00:00:00:01:02:06:00:00:00:00:00:00 Uid: 10 Time: 10000000
PacketSocketServer:HandleRead(0x55cc9f941170, 0x55cc9f941440)
At time 10500000s packet sink received 1024 bytes from 03-0f-01:00:00:00:00:00:01:02:06:00:00:00:00:00:00 total Rx 11 packets and 11264 bytes
PacketSocketClient:Send(0x55cc9f941060)
TraceDelay TX 1024 bytes to 03-0f-01:00:00:00:00:00:01:02:06:00:00:00:00:00:00 Uid: 11 Time: 11000000
PacketSocketServer:HandleRead(0x55cc9f941170, 0x55cc9f941440)
At time 11500000s packet sink received 1024 bytes from 03-0f-01:00:00:00:00:00:01:02:06:00:00:00:00:00:00 total Rx 12 packets and 12288 bytes
PacketSocketClient:Send(0x55cc9f941060)
TraceDelay TX 1024 bytes to 03-0f-01:00:00:00:00:00:01:02:06:00:00:00:00:00:00 Uid: 12 Time: 12000000
PacketSocketServer:HandleRead(0x55cc9f941170, 0x55cc9f941440)
At time 12500000s packet sink received 1024 bytes from 03-0f-01:00:00:00:00:00:01:02:06:00:00:00:00:00:00 total Rx 13 packets and 13312 bytes
PacketSocketClient:Send(0x55cc9f941060)
TraceDelay TX 1024 bytes to 03-0f-01:00:00:00:00:00:01:02:06:00:00:00:00:00:00 Uid: 13 Time: 13000000
PacketSocketServer:HandleRead(0x55cc9f941170, 0x55cc9f941440)
At time 13500000s packet sink received 1024 bytes from 03-0f-01:00:00:00:00:00:01:02:06:00:00:00:00:00:00 total Rx 14 packets and 14336 bytes
PacketSocketClient:Send(0x55cc9f941060)
TraceDelay TX 1024 bytes to 03-0f-01:00:00:00:00:00:01:02:06:00:00:00:00:00:00 Uid: 14 Time: 14000000
PacketSocketServer:HandleRead(0x55cc9f941170, 0x55cc9f941440)
At time 14500000s packet sink received 1024 bytes from 03-0f-01:00:00:00:00:00:01:02:06:00:00:00:00:00:00 total Rx 15 packets and 15360 bytes
PacketSocketClient:Send(0x55cc9f941060)
TraceDelay TX 1024 bytes to 03-0f-01:00:00:00:00:00:01:02:06:00:00:00:00:00:00 Uid: 15 Time: 15000000
PacketSocketServer:HandleRead(0x55cc9f941170, 0x55cc9f941440)
At time 15500000s packet sink received 1024 bytes from 03-0f-01:00:00:00:00:00:01:02:06:00:00:00:00:00:00 total Rx 16 packets and 16384 bytes
PacketSocketClient:Send(0x55cc9f941060)
TraceDelay TX 1024 bytes to 03-0f-01:00:00:00:00:00:01:02:06:00:00:00:00:00:00 Uid: 16 Time: 16000000
PacketSocketServer:HandleRead(0x55cc9f941170, 0x55cc9f941440)
At time 16500000s packet sink received 1024 bytes from 03-0f-01:00:00:00:00:00:01:02:06:00:00:00:00:00:00 total Rx 17 packets and 17408 bytes
PacketSocketClient:Send(0x55cc9f941060)
TraceDelay TX 1024 bytes to 03-0f-01:00:00:00:00:00:01:02:06:00:00:00:00:00:00 Uid: 17 Time: 17000000
PacketSocketServer:HandleRead(0x55cc9f941170, 0x55cc9f941440)
At time 17500000s packet sink received 1024 bytes from 03-0f-01:00:00:00:00:00:01:02:06:00:00:00:00:00:00 total Rx 18 packets and 18432 bytes
PacketSocketClient:Send(0x55cc9f941060)
TraceDelay TX 1024 bytes to 03-0f-01:00:00:00:00:00:01:02:06:00:00:00:00:00:00 Uid: 18 Time: 18000000
PacketSocketServer:HandleRead(0x55cc9f941170, 0x55cc9f941440)
At time 18500000s packet sink received 1024 bytes from 03-0f-01:00:00:00:00:00:01:02:06:00:00:00:00:00:00 total Rx 19 packets and 19456 bytes
PacketSocketClient:Send(0x55cc9f941060)
TraceDelay TX 1024 bytes to 03-0f-01:00:00:00:00:00:01:02:06:00:00:00:00:00:00 Uid: 19 Time: 19000000
PacketSocketServer:HandleRead(0x55cc9f941170, 0x55cc9f941440)
At time 19500000s packet sink received 1024 bytes from 03-0f-01:00:00:00:00:00:01:02:06:00:00:00:00:00:00 total Rx 20 packets and 20480 bytes
PacketSocketClient:DoDispose(0x55cc9f941060)
PacketSocketServer:DoDispose(0x55cc9f941170)
PacketSocketServer:~PacketSocketServer(0x55cc9f941170)
PacketSocketClient:~PacketSocketClient(0x55cc9f941060)
